Build started 2/3/2014 4:43:02 PM.
     1>Project "F:\Projects\Archiver\Huffman-Archiver\Huffman-Encoder\Huffman-Encoder.vcxproj" on node 2 (Build target(s)).
     1>ClCompile:
         C:\Program Files (x86)\Microsoft Visual Studio 12.0\VC\bin\CL.exe /c /ZI /nologo /W3 /WX- /sdl /Od /Oy- /D WIN32 /D _DEBUG /D _CONSOLE /D _LIB /D _UNICODE /D UNICODE /Gm /EHsc /RTC1 /MDd /GS /fp:precise /Zc:wchar_t /Zc:forScope /Fo"Debug\\" /Fd"Debug\vc120.pdb" /Gd /TP /analyze- /errorReport:prompt FileDispatcher.cpp
         FileDispatcher.cpp
     1>f:\projects\archiver\huffman-archiver\huffman-encoder\filedispatcher.h(17): warning C4227: anachronism used : qualifiers on reference are ignored
     1>f:\projects\archiver\huffman-archiver\huffman-encoder\filedispatcher.h(18): warning C4227: anachronism used : qualifiers on reference are ignored
     1>f:\projects\archiver\huffman-archiver\huffman-encoder\filedispatcher.cpp(6): warning C4800: 'DWORD' : forcing value to bool 'true' or 'false' (performance warning)
     1>f:\projects\archiver\huffman-archiver\huffman-encoder\filedispatcher.cpp(15): warning C4227: anachronism used : qualifiers on reference are ignored
     1>f:\projects\archiver\huffman-archiver\huffman-encoder\filedispatcher.cpp(38): warning C4227: anachronism used : qualifiers on reference are ignored
     1>f:\projects\archiver\huffman-archiver\huffman-encoder\filedispatcher.cpp(44): warning C4018: '<' : signed/unsigned mismatch
       Link:
         C:\Program Files (x86)\Microsoft Visual Studio 12.0\VC\bin\link.exe /ERRORREPORT:PROMPT /OUT:"F:\Projects\Archiver\Huffman-Archiver\Debug\Huffman-Encoder.exe" /INCREMENTAL /NOLOGO kernel32.lib user32.lib gdi32.lib winspool.lib comdlg32.lib advapi32.lib shell32.lib ole32.lib oleaut32.lib uuid.lib odbc32.lib odbccp32.lib /MANIFEST /MANIFESTUAC:"level='asInvoker' uiAccess='false'" /manifest:embed /DEBUG /PDB:"F:\Projects\Archiver\Huffman-Archiver\Debug\Huffman-Encoder.pdb" /SUBSYSTEM:CONSOLE /TLBID:1 /DYNAMICBASE /NXCOMPAT /IMPLIB:"F:\Projects\Archiver\Huffman-Archiver\Debug\Huffman-Encoder.lib" /MACHINE:X86 Debug\BitWriter.obj
         Debug\FileDispatcher.obj
         Debug\HuffmanBinaryHeap.obj
         Debug\HuffmanEncoder.obj
         Debug\HuffmanNode.obj
         Debug\Main.obj
         Huffman-Encoder.vcxproj -> F:\Projects\Archiver\Huffman-Archiver\Debug\Huffman-Encoder.exe
     1>Done Building Project "F:\Projects\Archiver\Huffman-Archiver\Huffman-Encoder\Huffman-Encoder.vcxproj" (Build target(s)).

Build succeeded.

Time Elapsed 00:00:01.12
