Build started 2/8/2014 12:19:51 AM.
     1>Project "F:\Projects\Archiver\Huffman-Archiver\Huffman-Encoder\Huffman-Encoder.vcxproj" on node 2 (Build target(s)).
     1>ClCompile:
         C:\Program Files (x86)\Microsoft Visual Studio 12.0\VC\bin\CL.exe /c /ZI /nologo /W3 /WX- /sdl /Od /Oy- /D WIN32 /D _DEBUG /D _CONSOLE /D _LIB /D _UNICODE /D UNICODE /Gm /EHsc /RTC1 /MDd /GS /fp:precise /Zc:wchar_t /Zc:forScope /Fo"Debug\\" /Fd"Debug\vc120.pdb" /Gd /TP /analyze- /errorReport:prompt LZ77Encoder.cpp
         LZ77Encoder.cpp
       Link:
         C:\Program Files (x86)\Microsoft Visual Studio 12.0\VC\bin\link.exe /ERRORREPORT:PROMPT /OUT:"F:\Projects\Archiver\Huffman-Archiver\Debug\Huffman-Encoder.exe" /INCREMENTAL /NOLOGO kernel32.lib user32.lib gdi32.lib winspool.lib comdlg32.lib advapi32.lib shell32.lib ole32.lib oleaut32.lib uuid.lib odbc32.lib odbccp32.lib /MANIFEST /MANIFESTUAC:"level='asInvoker' uiAccess='false'" /manifest:embed /DEBUG /PDB:"F:\Projects\Archiver\Huffman-Archiver\Debug\Huffman-Encoder.pdb" /SUBSYSTEM:CONSOLE /TLBID:1 /DYNAMICBASE /NXCOMPAT /IMPLIB:"F:\Projects\Archiver\Huffman-Archiver\Debug\Huffman-Encoder.lib" /MACHINE:X86 Debug\BitWriter.obj
         Debug\FileDispatcher.obj
         Debug\FileReadStream.obj
         Debug\FileWriteStream.obj
         Debug\HuffmanBinaryHeap.obj
         Debug\HuffmanEncoder.obj
         Debug\HuffmanNode.obj
         Debug\LZ77Encoder.obj
         Debug\LZ78Encoder.obj
         Debug\Main.obj
     1>Main.obj : error LNK2001: unresolved external symbol "public: virtual void __thiscall FileEncoder::EncodeFile(void)" (?EncodeFile@FileEncoder@@UAEXXZ)
     1>F:\Projects\Archiver\Huffman-Archiver\Debug\Huffman-Encoder.exe : fatal error LNK1120: 1 unresolved externals
     1>Done Building Project "F:\Projects\Archiver\Huffman-Archiver\Huffman-Encoder\Huffman-Encoder.vcxproj" (Build target(s)) -- FAILED.

Build FAILED.

Time Elapsed 00:00:00.31
